<?xml version="1.0" encoding="UTF-8"?>
<!-- Generated by org.testng.reporters.JUnitReportReporter -->
<testsuite hostname="Vikas-PC" name="SeleniumEasyTests" tests="2" failures="0" timestamp="14 Jun 2017 02:05:19 GMT" time="87.154" errors="0">
  <testcase name="testMessage" time="22.760" classname="SeleniumEasyTests"/>
  <testcase name="testCalculation" time="64.394" classname="SeleniumEasyTests"/>
</testsuite> <!-- SeleniumEasyTests -->
