<?xml version="1.0" encoding="UTF-8"?>
<!-- Generated by org.testng.reporters.JUnitReportReporter -->
<testsuite hostname="Vikas-PC" name="test.SeleniumEasyTest" tests="2" failures="0" timestamp="14 Jun 2017 02:11:51 GMT" time="46.602" errors="0">
  <testcase name="testMessage" time="18.751" classname="test.SeleniumEasyTest"/>
  <testcase name="testCalculation" time="27.851" classname="test.SeleniumEasyTest"/>
</testsuite> <!-- test.SeleniumEasyTest -->
